0 info it worked if it ends with ok
1 verbose cli [ 'node', '/usr/local/bin/npm', 'install', '../node-ftdi/' ]
2 info using npm@2.7.5
3 info using node@v0.12.2
4 verbose node symlink /usr/local/bin/node
5 warn package.json spectroscopylab-control@0.0.0 No description
6 warn package.json spectroscopylab-control@0.0.0 No repository field.
7 warn package.json spectroscopylab-control@0.0.0 No README data
8 silly cache add args [ '../node-ftdi/', null ]
9 verbose cache add spec ../node-ftdi/
10 silly cache add parsed spec { raw: '../node-ftdi/',
10 silly cache add   scope: null,
10 silly cache add   name: null,
10 silly cache add   rawSpec: '../node-ftdi/',
10 silly cache add   spec: '/Users/transients/Transients/sourcecode/node-ftdi',
10 silly cache add   type: 'directory' }
11 verbose addLocalDirectory /Users/transients/.npm/ftdi/1.2.0/package.tgz not in flight; packing
12 verbose tar pack [ '/Users/transients/.npm/ftdi/1.2.0/package.tgz',
12 verbose tar pack   '/Users/transients/Transients/sourcecode/node-ftdi' ]
13 verbose tarball /Users/transients/.npm/ftdi/1.2.0/package.tgz
14 verbose folder /Users/transients/Transients/sourcecode/node-ftdi
15 info prepublish ftdi@1.2.0
16 verbose addLocalTarball adding from inside cache /Users/transients/.npm/ftdi/1.2.0/package.tgz
17 silly cache afterAdd ftdi@1.2.0
18 verbose afterAdd /Users/transients/.npm/ftdi/1.2.0/package/package.json not in flight; writing
19 verbose afterAdd /Users/transients/.npm/ftdi/1.2.0/package/package.json written
20 silly install resolved [ { name: 'ftdi',
20 silly install resolved     version: '1.2.0',
20 silly install resolved     description: 'FTDI bindings for Node.js',
20 silly install resolved     main: 'index.js',
20 silly install resolved     dependencies: { bindings: '^1.2.1', nan: '^1.7.0' },
20 silly install resolved     gypfile: true,
20 silly install resolved     scripts:
20 silly install resolved      { test: 'echo "Error: no test specified" && exit 1',
20 silly install resolved        postinstall: 'node-gyp rebuild',
20 silly install resolved        install: 'node-gyp rebuild' },
20 silly install resolved     repository:
20 silly install resolved      { type: 'git',
20 silly install resolved        url: 'git://github.com/KABA-CCEAC/node-ftdi.git' },
20 silly install resolved     keywords: [ 'ftdi', 'usb', 'driver', 'device' ],
20 silly install resolved     homepage: 'https://github.com/KABA-CCEAC/node-ftdi',
20 silly install resolved     bugs: { url: 'https://github.com/KABA-CCEAC/node-ftdi/issues' },
20 silly install resolved     license:
20 silly install resolved      { type: 'MIT',
20 silly install resolved        url: 'https://raw.github.com/KABA-CCEAC/node-ftdi/master/licence' },
20 silly install resolved     readme: '<pre>\n  eeeee eeeee eeeee eeee       e  eeeee\n  8   8 8  88 8   8 8          8  8   "\n  8e  8 8   8 8e  8 8eee       8e 8eeee\n  88  8 8   8 88  8 88      e  88    88\n  88  8 8eee8 88ee8 88ee 88 8ee88 8ee88\n\n  eeee eeeee eeeee e\n  8      8   8   8 8\n  8eee   8e  8e  8 8e\n  88     88  88  8 88\n  88     88  88ee8 88\n</pre>\n\n[![npm](https://img.shields.io/npm/v/ftdi.svg)](https://npmjs.org/package/ftdi)\n\n# Prerequisites:\n\n**Make sure you installed the ftdi driver: [ftdi](http://www.ftdichip.com/Drivers/D2XX.htm)**\n\nIf you\'re are using a Linux distribution or Mac OS X you can run the **install.sh** script file to install the ftdi driver...\nFor Windows the libs are shipped with this module.\n\n# Installation\n\n    npm install ftdi\n\nThis assumes you have everything on your system necessary to compile ANY native module for Node.js. This may not be the case, though, so please ensure the following are true for your system before filing an issue about "Does not install". For all operatings systems, please ensure you have Python 2.x installed AND not 3.0, [node-gyp](https://github.com/TooTallNate/node-gyp) (what we use to compile) requires Python 2.x.\n\n### Windows:\n\nEnsure you have Visual Studio 2010 installed. If you have any version OTHER THAN VS 2010, please read this: https://github.com/TooTallNate/node-gyp/issues/44\n\n### Mac OS X:\n\nEnsure that you have at a minimum the xCode Command Line Tools installed appropriate for your system configuration. If you recently upgrade OS, it probably removed your installation of Command Line Tools, please verify before submitting a ticket.\n\n### Linux:\n\nYou know what you need for you system, basically your appropriate analog of build-essential. Keep rocking!\n\n# Usage\n\n## Listing or finding devices\n\n```nodejs\nvar ftdi = require(\'ftdi\');\n\nftdi.find(0x27f4, 0x0203, function(err, devices) {}); // returns all ftdi devices with\n                                                      // matching vendor and product id\n```\n\n## Create an FtdiDevice\n\n```nodejs\nvar ftdi = require(\'ftdi\');\n\nvar device = new ftdi.FtdiDevice({\n  locationId: 0,\n  serialNumber: 0\n});\n\n// or\nvar device = new ftdi.FtdiDevice(0);  // index in list function\n```\n\n## All together\n\n```nodejs\nvar ftdi = require(\'ftdi\');\n\nftdi.find(0x27f4, 0x0203, function(err, devices) {\n  var device = new ftdi.FtdiDevice(devices[0]);\n\n  device.on(\'error\', function(err) {\n  });\n\n  device.open({\n    baudrate: 115200,\n    databits: 8,\n    stopbits: 1,\n    parity: \'none\',\n    // bitmode: \'cbus\', // for bit bang\n    // bitmask: 0xff    // for bit bang\n  },\n  function(err) {\n\n    device.on(\'data\', function(data) {\n\n    });\n\n    device.write([0x01, 0x02, 0x03, 0x04, 0x05], function(err) {\n\n    });\n\n  });\n\n});\n```\n\n### Bit Bang infos\nbitmask: Is always a number (one byte).\n\nbitmode: Can be directly a number (one byte) like 0x20 or a string like \'cbus\'.\n\nmapping:\n\n```nodejs\nvar bitmodes = {\n  \'reset\' : 0x00,\n  \'async\' : 0x01,\n  \'mpsse\' : 0x02,\n  \'sync\'  : 0x04,\n  \'mcu\'   : 0x0B,\n  \'fast\'  : 0x10,\n  \'cbus\'  : 0x20,\n  \'single\': 0x40\n};\n\n/**\n * 0x00 = Reset\n * 0x01 = Asynchronous Bit Bang\n * 0x02 = MPSSE (FT2232, FT2232H, FT4232H and FT232H devices only)\n * 0x04 = Synchronous Bit Bang (FT232R, FT245R, FT2232, FT2232H, FT4232H and FT232H devices only)\n * 0x08 = MCU Host Bus Emulation Mode (FT2232, FT2232H, FT4232H and FT232H devices only)\n * 0x10 = Fast Opto-Isolated Serial Mode (FT2232, FT2232H, FT4232H and FT232H devices only)\n * 0x20 = CBUS Bit Bang Mode (FT232R and FT232H devices only)\n * 0x40 = Single Channel Synchronous 245 FIFO Mode (FT2232H and FT232H devices only)\n */\n```\n\n# Release Notes\n\n## v1.1.0\n\n- added bit bang support\n\n## v1.0.3\n\n- revert "ready for node >= 0.11.4"\n\n## v1.0.2\n\n- fix allocation/deallocation mismatch\n\n## v1.0.1\n\n- ready for node >= 0.11.4\n\n## v1.0.0\n\n- first release\n\n\n# License\n\nCopyright (c) 2014 Kaba AG\n\nPermission is hereby granted, free of charge, to any person obtaining a copy\nof this software and associated documentation files (the "Software"), to deal\nin the Software without restriction, including without limitation the rights\nto use, copy, modify, merge, publish, distribute, sublicense, and/or sell\ncopies of the Software, and to permit persons to whom the Software is\nfurnished to do so, subject to the following conditions:\n\nThe above copyright notice and this permission notice shall be included in\nall copies or substantial portions of the Software.\n\nTHE SOFTWARE IS PROVIDED "AS IS", WITHOUT WARRANTY OF ANY KIND, EXPRESS OR\nIMPLIED, INCLUDING BUT NOT LIMITED TO THE WARRANTIES OF MERCHANTABILITY,\nFITNESS FOR A PARTICULAR PURPOSE AND NONINFRINGEMENT. IN NO EVENT SHALL THE\nAUTHORS OR COPYRIGHT HOLDERS BE LIABLE FOR ANY CLAIM, DAMAGES OR OTHER\nLIABILITY, WHETHER IN AN ACTION OF CONTRACT, TORT OR OTHERWISE, ARISING FROM,\nOUT OF OR IN CONNECTION WITH THE SOFTWARE OR THE USE OR OTHER DEALINGS IN\nTHE SOFTWARE.',
20 silly install resolved     readmeFilename: 'README.md',
20 silly install resolved     gitHead: '51a2bdf3f07bca11b6eecf5dc5d0026467f984a9',
20 silly install resolved     _id: 'ftdi@1.2.0',
20 silly install resolved     _shasum: 'afd94f7c87d4b163e724b36406a70f74a06a3f5c',
20 silly install resolved     _from: '../node-ftdi',
20 silly install resolved     _resolved: 'file:../node-ftdi' } ]
21 info install ftdi@1.2.0 into /Users/transients/Transients/sourcecode/spectrolab-control
22 info installOne ftdi@1.2.0
23 verbose installOne of ftdi to /Users/transients/Transients/sourcecode/spectrolab-control not in flight; installing
24 verbose lock using /Users/transients/.npm/_locks/ftdi-4c4beffc8d15ee1c.lock for /Users/transients/Transients/sourcecode/spectrolab-control/node_modules/ftdi
25 silly install write writing ftdi 1.2.0 to /Users/transients/Transients/sourcecode/spectrolab-control/node_modules/ftdi
26 silly cache addNamed cb ftdi@1.2.0
27 verbose unbuild node_modules/ftdi
28 silly gentlyRm /Users/transients/Transients/sourcecode/spectrolab-control/node_modules/ftdi is being purged from base /Users/transients/Transients/sourcecode/spectrolab-control
29 verbose gentlyRm don't care about contents; nuking /Users/transients/Transients/sourcecode/spectrolab-control/node_modules/ftdi
30 verbose tar unpack /Users/transients/.npm/ftdi/1.2.0/package.tgz
31 verbose tar unpacking to /Users/transients/Transients/sourcecode/spectrolab-control/node_modules/ftdi
32 silly gentlyRm /Users/transients/Transients/sourcecode/spectrolab-control/node_modules/ftdi is being purged
33 verbose gentlyRm don't care about contents; nuking /Users/transients/Transients/sourcecode/spectrolab-control/node_modules/ftdi
34 silly gunzTarPerm modes [ '755', '644' ]
35 silly gunzTarPerm extractEntry package.json
36 silly gunzTarPerm extractEntry .npmignore
37 silly gunzTarPerm extractEntry README.md
38 silly gunzTarPerm extractEntry index.js
39 silly gunzTarPerm extractEntry binding.gyp
40 silly gunzTarPerm extractEntry install.sh
41 silly gunzTarPerm extractEntry lib/amd64/ftd2xx.lib
42 silly gunzTarPerm extractEntry lib/ftd2xx.h
43 silly gunzTarPerm extractEntry lib/i386/ftd2xx.lib
44 silly gunzTarPerm extractEntry license
45 silly gunzTarPerm extractEntry src/ftdi_constants.h
46 silly gunzTarPerm extractEntry src/ftdi_device.cc
47 silly gunzTarPerm extractEntry src/ftdi_device.h
48 silly gunzTarPerm extractEntry src/ftdi_driver.cc
49 silly gunzTarPerm extractEntry src/ftdi_driver.h
50 info preinstall ftdi@1.2.0
51 silly prepareForInstallMany adding bindings@^1.2.1 from ftdi dependencies
52 silly prepareForInstallMany adding nan@^1.7.0 from ftdi dependencies
53 silly cache add args [ 'bindings@^1.2.1', null ]
54 verbose cache add spec bindings@^1.2.1
55 silly cache add args [ 'nan@^1.7.0', null ]
56 verbose cache add spec nan@^1.7.0
57 silly cache add parsed spec { raw: 'bindings@^1.2.1',
57 silly cache add   scope: null,
57 silly cache add   name: 'bindings',
57 silly cache add   rawSpec: '^1.2.1',
57 silly cache add   spec: '>=1.2.1 <2.0.0',
57 silly cache add   type: 'range' }
58 verbose addNamed bindings@>=1.2.1 <2.0.0
59 silly addNamed semver.valid null
60 silly addNamed semver.validRange >=1.2.1 <2.0.0
61 silly addNameRange { name: 'bindings', range: '>=1.2.1 <2.0.0', hasData: false }
62 silly mapToRegistry name bindings
63 silly mapToRegistry using default registry
64 silly mapToRegistry registry https://registry.npmjs.org/
65 silly mapToRegistry uri https://registry.npmjs.org/bindings
66 verbose addNameRange registry:https://registry.npmjs.org/bindings not in flight; fetching
67 silly cache add parsed spec { raw: 'nan@^1.7.0',
67 silly cache add   scope: null,
67 silly cache add   name: 'nan',
67 silly cache add   rawSpec: '^1.7.0',
67 silly cache add   spec: '>=1.7.0 <2.0.0',
67 silly cache add   type: 'range' }
68 verbose addNamed nan@>=1.7.0 <2.0.0
69 silly addNamed semver.valid null
70 silly addNamed semver.validRange >=1.7.0 <2.0.0
71 silly addNameRange { name: 'nan', range: '>=1.7.0 <2.0.0', hasData: false }
72 silly mapToRegistry name nan
73 silly mapToRegistry using default registry
74 silly mapToRegistry registry https://registry.npmjs.org/
75 silly mapToRegistry uri https://registry.npmjs.org/nan
76 verbose addNameRange registry:https://registry.npmjs.org/nan not in flight; fetching
77 verbose request uri https://registry.npmjs.org/nan
78 verbose request no auth needed
79 info attempt registry request try #1 at 17:10:37
80 verbose request id 58fe085d8c28dd07
81 verbose etag "5LRTVQC14WJCD8RYVQAJCXI0A"
82 http request GET https://registry.npmjs.org/nan
83 verbose request uri https://registry.npmjs.org/bindings
84 verbose request no auth needed
85 info attempt registry request try #1 at 17:10:38
86 verbose etag "5997G8NY1OJEMZ1HNHL7VBX5J"
87 http request GET https://registry.npmjs.org/bindings
88 http 304 https://registry.npmjs.org/bindings
89 silly get cb [ 304,
89 silly get   { date: 'Fri, 24 Apr 2015 15:10:38 GMT',
89 silly get     server: 'Apache',
89 silly get     via: '1.1 varnish',
89 silly get     'last-modified': 'Fri, 24 Apr 2015 15:10:38 GMT',
89 silly get     'cache-control': 'max-age=60',
89 silly get     etag: '"5997G8NY1OJEMZ1HNHL7VBX5J"',
89 silly get     age: '50',
89 silly get     'x-served-by': 'cache-ams4135-AMS',
89 silly get     'x-cache': 'HIT',
89 silly get     'x-cache-hits': '1',
89 silly get     'x-timer': 'S1429888238.107146,VS0,VE0',
89 silly get     vary: 'Accept',
89 silly get     'content-length': '0',
89 silly get     'keep-alive': 'timeout=10, max=50',
89 silly get     connection: 'Keep-Alive' } ]
90 verbose etag https://registry.npmjs.org/bindings from cache
91 verbose get saving bindings to /Users/transients/.npm/registry.npmjs.org/bindings/.cache.json
92 http 304 https://registry.npmjs.org/nan
93 silly get cb [ 304,
93 silly get   { date: 'Fri, 24 Apr 2015 15:10:38 GMT',
93 silly get     server: 'Apache',
93 silly get     via: '1.1 varnish',
93 silly get     'last-modified': 'Fri, 24 Apr 2015 15:10:10 GMT',
93 silly get     'cache-control': 'max-age=60',
93 silly get     etag: '"5LRTVQC14WJCD8RYVQAJCXI0A"',
93 silly get     age: '29',
93 silly get     'x-served-by': 'cache-ams4136-AMS',
93 silly get     'x-cache': 'HIT',
93 silly get     'x-cache-hits': '2',
93 silly get     'x-timer': 'S1429888238.107992,VS0,VE0',
93 silly get     vary: 'Accept',
93 silly get     'content-length': '0',
93 silly get     'keep-alive': 'timeout=10, max=50',
93 silly get     connection: 'Keep-Alive' } ]
94 verbose etag https://registry.npmjs.org/nan from cache
95 verbose get saving nan to /Users/transients/.npm/registry.npmjs.org/nan/.cache.json
96 silly addNameRange number 2 { name: 'bindings', range: '>=1.2.1 <2.0.0', hasData: true }
97 silly addNameRange versions [ 'bindings',
97 silly addNameRange   [ '0.0.1',
97 silly addNameRange     '0.1.0',
97 silly addNameRange     '0.1.1',
97 silly addNameRange     '0.2.0',
97 silly addNameRange     '0.2.1',
97 silly addNameRange     '0.2.2',
97 silly addNameRange     '0.2.3',
97 silly addNameRange     '0.2.4',
97 silly addNameRange     '0.3.0',
97 silly addNameRange     '0.4.0',
97 silly addNameRange     '1.0.0',
97 silly addNameRange     '1.1.0',
97 silly addNameRange     '1.1.1',
97 silly addNameRange     '1.2.0',
97 silly addNameRange     '1.2.1' ] ]
98 verbose addNamed bindings@1.2.1
99 silly addNamed semver.valid 1.2.1
100 silly addNamed semver.validRange 1.2.1
101 silly addNameRange number 2 { name: 'nan', range: '>=1.7.0 <2.0.0', hasData: true }
102 silly addNameRange versions [ 'nan',
102 silly addNameRange   [ '0.3.0-wip',
102 silly addNameRange     '0.3.0-wip2',
102 silly addNameRange     '0.3.0',
102 silly addNameRange     '0.3.1',
102 silly addNameRange     '0.3.2',
102 silly addNameRange     '0.4.0',
102 silly addNameRange     '0.4.1',
102 silly addNameRange     '0.4.2',
102 silly addNameRange     '0.4.3',
102 silly addNameRange     '0.4.4',
102 silly addNameRange     '0.5.0',
102 silly addNameRange     '0.5.1',
102 silly addNameRange     '0.5.2',
102 silly addNameRange     '0.6.0',
102 silly addNameRange     '0.7.0',
102 silly addNameRange     '0.7.1',
102 silly addNameRange     '0.8.0',
102 silly addNameRange     '1.0.0',
102 silly addNameRange     '1.1.0',
102 silly addNameRange     '1.1.1',
102 silly addNameRange     '1.1.2',
102 silly addNameRange     '1.2.0',
102 silly addNameRange     '1.3.0',
102 silly addNameRange     '1.4.0',
102 silly addNameRange     '1.4.1',
102 silly addNameRange     '1.5.0',
102 silly addNameRange     '1.4.2',
102 silly addNameRange     '1.4.3',
102 silly addNameRange     '1.5.1',
102 silly addNameRange     '1.5.2',
102 silly addNameRange     '1.6.0',
102 silly addNameRange     '1.5.3',
102 silly addNameRange     '1.6.1',
102 silly addNameRange     '1.6.2',
102 silly addNameRange     '1.7.0',
102 silly addNameRange     '1.8.0',
102 silly addNameRange     '1.8.1',
102 silly addNameRange     '1.8.2' ] ]
103 verbose addNamed nan@1.8.2
104 silly addNamed semver.valid 1.8.2
105 silly addNamed semver.validRange 1.8.2
106 silly cache afterAdd bindings@1.2.1
107 verbose afterAdd /Users/transients/.npm/bindings/1.2.1/package/package.json not in flight; writing
108 silly cache afterAdd nan@1.8.2
109 verbose afterAdd /Users/transients/.npm/nan/1.8.2/package/package.json not in flight; writing
110 verbose afterAdd /Users/transients/.npm/bindings/1.2.1/package/package.json written
111 verbose afterAdd /Users/transients/.npm/nan/1.8.2/package/package.json written
112 silly install resolved [ { name: 'bindings',
112 silly install resolved     description: 'Helper module for loading your native module\'s .node file',
112 silly install resolved     keywords: [ 'native', 'addon', 'bindings', 'gyp', 'waf', 'c', 'c++' ],
112 silly install resolved     version: '1.2.1',
112 silly install resolved     author:
112 silly install resolved      { name: 'Nathan Rajlich',
112 silly install resolved        email: 'nathan@tootallnate.net',
112 silly install resolved        url: 'http://tootallnate.net' },
112 silly install resolved     repository:
112 silly install resolved      { type: 'git',
112 silly install resolved        url: 'git://github.com/TooTallNate/node-bindings.git' },
112 silly install resolved     main: './bindings.js',
112 silly install resolved     bugs: { url: 'https://github.com/TooTallNate/node-bindings/issues' },
112 silly install resolved     homepage: 'https://github.com/TooTallNate/node-bindings',
112 silly install resolved     license: 'MIT',
112 silly install resolved     gitHead: 'e404152ee27f8478ccbc7122ee051246e8e5ec02',
112 silly install resolved     _id: 'bindings@1.2.1',
112 silly install resolved     scripts: {},
112 silly install resolved     _shasum: '14ad6113812d2d37d72e67b4cacb4bb726505f11',
112 silly install resolved     _from: 'bindings@>=1.2.1 <2.0.0',
112 silly install resolved     _npmVersion: '1.4.14',
112 silly install resolved     _npmUser: { name: 'tootallnate', email: 'nathan@tootallnate.net' },
112 silly install resolved     maintainers: [ [Object], [Object] ],
112 silly install resolved     dist:
112 silly install resolved      { shasum: '14ad6113812d2d37d72e67b4cacb4bb726505f11',
112 silly install resolved        tarball: 'http://registry.npmjs.org/bindings/-/bindings-1.2.1.tgz' },
112 silly install resolved     directories: {},
112 silly install resolved     _resolved: 'https://registry.npmjs.org/bindings/-/bindings-1.2.1.tgz',
112 silly install resolved     readme: 'ERROR: No README data found!' },
112 silly install resolved   { name: 'nan',
112 silly install resolved     version: '1.8.2',
112 silly install resolved     description: 'Native Abstractions for Node.js: C++ header for Node 0.8->0.12 compatibility',
112 silly install resolved     main: 'include_dirs.js',
112 silly install resolved     repository: { type: 'git', url: 'git://github.com/iojs/nan.git' },
112 silly install resolved     scripts:
112 silly install resolved      { test: 'tap --gc test/js/*-test.js',
112 silly install resolved        'rebuild-tests': 'pangyp rebuild --directory test' },
112 silly install resolved     contributors:
112 silly install resolved      [ [Object],
112 silly install resolved        [Object],
112 silly install resolved        [Object],
112 silly install resolved        [Object],
112 silly install resolved        [Object],
112 silly install resolved        [Object],
112 silly install resolved        [Object] ],
112 silly install resolved     devDependencies:
112 silly install resolved      { bindings: '~1.2.1',
112 silly install resolved        'node-gyp': '~1.0.2',
112 silly install resolved        pangyp: '~2.0.1',
112 silly install resolved        tap: '~0.7.1',
112 silly install resolved        xtend: '~4.0.0' },
112 silly install resolved     license: 'MIT',
112 silly install resolved     gitHead: '76495edfd7b642532e6f9f412403e6e2392df94b',
112 silly install resolved     bugs: { url: 'https://github.com/iojs/nan/issues' },
112 silly install resolved     homepage: 'https://github.com/iojs/nan#readme',
112 silly install resolved     _id: 'nan@1.8.2',
112 silly install resolved     _shasum: '131518535fa0c49e91f2d1a776f65bb04577dea0',
112 silly install resolved     _from: 'nan@>=1.7.0 <2.0.0',
112 silly install resolved     _npmVersion: '2.8.3',
112 silly install resolved     _nodeVersion: '0.12.2',
112 silly install resolved     _npmUser: { name: 'kkoopa', email: 'bbyholm@abo.fi' },
112 silly install resolved     maintainers: [ [Object], [Object] ],
112 silly install resolved     dist:
112 silly install resolved      { shasum: '131518535fa0c49e91f2d1a776f65bb04577dea0',
112 silly install resolved        tarball: 'http://registry.npmjs.org/nan/-/nan-1.8.2.tgz' },
112 silly install resolved     directories: {},
112 silly install resolved     _resolved: 'https://registry.npmjs.org/nan/-/nan-1.8.2.tgz',
112 silly install resolved     readme: 'ERROR: No README data found!' } ]
113 info install bindings@1.2.1 into /Users/transients/Transients/sourcecode/spectrolab-control/node_modules/ftdi
114 info install nan@1.8.2 into /Users/transients/Transients/sourcecode/spectrolab-control/node_modules/ftdi
115 info installOne bindings@1.2.1
116 verbose installOne of bindings to /Users/transients/Transients/sourcecode/spectrolab-control/node_modules/ftdi not in flight; installing
117 info installOne nan@1.8.2
118 verbose installOne of nan to /Users/transients/Transients/sourcecode/spectrolab-control/node_modules/ftdi not in flight; installing
119 verbose lock using /Users/transients/.npm/_locks/bindings-8302dafed457e4fa.lock for /Users/transients/Transients/sourcecode/spectrolab-control/node_modules/ftdi/node_modules/bindings
120 verbose lock using /Users/transients/.npm/_locks/nan-0fb7078373c31f0c.lock for /Users/transients/Transients/sourcecode/spectrolab-control/node_modules/ftdi/node_modules/nan
121 silly install write writing bindings 1.2.1 to /Users/transients/Transients/sourcecode/spectrolab-control/node_modules/ftdi/node_modules/bindings
122 silly cache addNamed cb bindings@1.2.1
123 verbose unbuild node_modules/ftdi/node_modules/bindings
124 silly install write writing nan 1.8.2 to /Users/transients/Transients/sourcecode/spectrolab-control/node_modules/ftdi/node_modules/nan
125 silly cache addNamed cb nan@1.8.2
126 verbose unbuild node_modules/ftdi/node_modules/nan
127 silly gentlyRm /Users/transients/Transients/sourcecode/spectrolab-control/node_modules/ftdi/node_modules/bindings is being purged from base /Users/transients/Transients/sourcecode/spectrolab-control
128 verbose gentlyRm don't care about contents; nuking /Users/transients/Transients/sourcecode/spectrolab-control/node_modules/ftdi/node_modules/bindings
129 silly gentlyRm /Users/transients/Transients/sourcecode/spectrolab-control/node_modules/ftdi/node_modules/nan is being purged from base /Users/transients/Transients/sourcecode/spectrolab-control
130 verbose gentlyRm don't care about contents; nuking /Users/transients/Transients/sourcecode/spectrolab-control/node_modules/ftdi/node_modules/nan
131 verbose tar unpack /Users/transients/.npm/bindings/1.2.1/package.tgz
132 verbose tar unpacking to /Users/transients/Transients/sourcecode/spectrolab-control/node_modules/ftdi/node_modules/bindings
133 silly gentlyRm /Users/transients/Transients/sourcecode/spectrolab-control/node_modules/ftdi/node_modules/bindings is being purged
134 verbose gentlyRm don't care about contents; nuking /Users/transients/Transients/sourcecode/spectrolab-control/node_modules/ftdi/node_modules/bindings
135 verbose tar unpack /Users/transients/.npm/nan/1.8.2/package.tgz
136 verbose tar unpacking to /Users/transients/Transients/sourcecode/spectrolab-control/node_modules/ftdi/node_modules/nan
137 silly gentlyRm /Users/transients/Transients/sourcecode/spectrolab-control/node_modules/ftdi/node_modules/nan is being purged
138 verbose gentlyRm don't care about contents; nuking /Users/transients/Transients/sourcecode/spectrolab-control/node_modules/ftdi/node_modules/nan
139 silly gunzTarPerm modes [ '755', '644' ]
140 silly gunzTarPerm modes [ '755', '644' ]
141 silly gunzTarPerm extractEntry package.json
142 silly gunzTarPerm modified mode [ 'package.json', 436, 420 ]
143 silly gunzTarPerm extractEntry include_dirs.js
144 silly gunzTarPerm modified mode [ 'include_dirs.js', 436, 420 ]
145 silly gunzTarPerm extractEntry LICENSE.md
146 silly gunzTarPerm modified mode [ 'LICENSE.md', 436, 420 ]
147 silly gunzTarPerm extractEntry .dntrc
148 silly gunzTarPerm modified mode [ '.dntrc', 436, 420 ]
149 silly gunzTarPerm extractEntry appveyor.yml
150 silly gunzTarPerm modified mode [ 'appveyor.yml', 436, 420 ]
151 silly gunzTarPerm extractEntry nan.h
152 silly gunzTarPerm modified mode [ 'nan.h', 436, 420 ]
153 silly gunzTarPerm extractEntry nan_implementation_12_inl.h
154 silly gunzTarPerm modified mode [ 'nan_implementation_12_inl.h', 436, 420 ]
155 silly gunzTarPerm extractEntry nan_implementation_pre_12_inl.h
156 silly gunzTarPerm modified mode [ 'nan_implementation_pre_12_inl.h', 436, 420 ]
157 silly gunzTarPerm extractEntry nan_new.h
158 silly gunzTarPerm modified mode [ 'nan_new.h', 436, 420 ]
159 silly gunzTarPerm extractEntry nan_string_bytes.h
160 silly gunzTarPerm modified mode [ 'nan_string_bytes.h', 436, 420 ]
161 silly gunzTarPerm extractEntry CHANGELOG.md
162 silly gunzTarPerm modified mode [ 'CHANGELOG.md', 436, 420 ]
163 silly gunzTarPerm extractEntry package.json
164 silly gunzTarPerm extractEntry README.md
165 silly gunzTarPerm extractEntry bindings.js
166 info preinstall bindings@1.2.1
167 silly install resolved []
168 verbose about to build /Users/transients/Transients/sourcecode/spectrolab-control/node_modules/ftdi/node_modules/bindings
169 info build /Users/transients/Transients/sourcecode/spectrolab-control/node_modules/ftdi/node_modules/bindings
170 verbose linkStuff [ false,
170 verbose linkStuff   false,
170 verbose linkStuff   false,
170 verbose linkStuff   '/Users/transients/Transients/sourcecode/spectrolab-control/node_modules/ftdi/node_modules' ]
171 info linkStuff bindings@1.2.1
172 verbose linkBins bindings@1.2.1
173 verbose linkMans bindings@1.2.1
174 verbose rebuildBundles bindings@1.2.1
175 info install bindings@1.2.1
176 info postinstall bindings@1.2.1
177 verbose unlock done using /Users/transients/.npm/_locks/bindings-8302dafed457e4fa.lock for /Users/transients/Transients/sourcecode/spectrolab-control/node_modules/ftdi/node_modules/bindings
178 info preinstall nan@1.8.2
179 silly install resolved []
180 verbose about to build /Users/transients/Transients/sourcecode/spectrolab-control/node_modules/ftdi/node_modules/nan
181 info build /Users/transients/Transients/sourcecode/spectrolab-control/node_modules/ftdi/node_modules/nan
182 verbose linkStuff [ false,
182 verbose linkStuff   false,
182 verbose linkStuff   false,
182 verbose linkStuff   '/Users/transients/Transients/sourcecode/spectrolab-control/node_modules/ftdi/node_modules' ]
183 info linkStuff nan@1.8.2
184 verbose linkBins nan@1.8.2
185 verbose linkMans nan@1.8.2
186 verbose rebuildBundles nan@1.8.2
187 info install nan@1.8.2
188 info postinstall nan@1.8.2
189 verbose unlock done using /Users/transients/.npm/_locks/nan-0fb7078373c31f0c.lock for /Users/transients/Transients/sourcecode/spectrolab-control/node_modules/ftdi/node_modules/nan
190 verbose about to build /Users/transients/Transients/sourcecode/spectrolab-control/node_modules/ftdi
191 info build /Users/transients/Transients/sourcecode/spectrolab-control/node_modules/ftdi
192 verbose linkStuff [ false,
192 verbose linkStuff   false,
192 verbose linkStuff   false,
192 verbose linkStuff   '/Users/transients/Transients/sourcecode/spectrolab-control/node_modules' ]
193 info linkStuff ftdi@1.2.0
194 verbose linkBins ftdi@1.2.0
195 verbose linkMans ftdi@1.2.0
196 verbose rebuildBundles ftdi@1.2.0
197 verbose rebuildBundles [ 'bindings', 'nan' ]
198 info install ftdi@1.2.0
199 verbose unsafe-perm in lifecycle true
200 info ftdi@1.2.0 Failed to exec install script
201 verbose unlock done using /Users/transients/.npm/_locks/ftdi-4c4beffc8d15ee1c.lock for /Users/transients/Transients/sourcecode/spectrolab-control/node_modules/ftdi
202 verbose stack Error: ftdi@1.2.0 install: `node-gyp rebuild`
202 verbose stack Exit status 1
202 verbose stack     at EventEmitter.<anonymous> (/usr/local/lib/node_modules/npm/lib/utils/lifecycle.js:213:16)
202 verbose stack     at EventEmitter.emit (events.js:110:17)
202 verbose stack     at ChildProcess.<anonymous> (/usr/local/lib/node_modules/npm/lib/utils/spawn.js:14:12)
202 verbose stack     at ChildProcess.emit (events.js:110:17)
202 verbose stack     at maybeClose (child_process.js:1015:16)
202 verbose stack     at Process.ChildProcess._handle.onexit (child_process.js:1087:5)
203 verbose pkgid ftdi@1.2.0
204 verbose cwd /Users/transients/Transients/sourcecode/spectrolab-control
205 error Darwin 14.1.0
206 error argv "node" "/usr/local/bin/npm" "install" "../node-ftdi/"
207 error node v0.12.2
208 error npm  v2.7.5
209 error code ELIFECYCLE
210 error ftdi@1.2.0 install: `node-gyp rebuild`
210 error Exit status 1
211 error Failed at the ftdi@1.2.0 install script 'node-gyp rebuild'.
211 error This is most likely a problem with the ftdi package,
211 error not with npm itself.
211 error Tell the author that this fails on your system:
211 error     node-gyp rebuild
211 error You can get their info via:
211 error     npm owner ls ftdi
211 error There is likely additional logging output above.
212 verbose exit [ 1, true ]
213 verbose unbuild node_modules/ftdi
214 info preuninstall ftdi@1.2.0
215 info uninstall ftdi@1.2.0
216 verbose unbuild rmStuff ftdi@1.2.0 from /Users/transients/Transients/sourcecode/spectrolab-control/node_modules
217 info postuninstall ftdi@1.2.0
218 silly gentlyRm /Users/transients/Transients/sourcecode/spectrolab-control/node_modules/ftdi is being purged from base /Users/transients/Transients/sourcecode/spectrolab-control
219 verbose gentlyRm don't care about contents; nuking /Users/transients/Transients/sourcecode/spectrolab-control/node_modules/ftdi
220 silly vacuum-fs purging /Users/transients/Transients/sourcecode/spectrolab-control/node_modules/ftdi
221 silly vacuum-fs quitting because other entries in /Users/transients/Transients/sourcecode/spectrolab-control/node_modules
